#
# A fatal error has been detected by the Java Runtime Environment:
#
#  Internal Error (sharedRuntime.cpp:553), pid=95009, tid=0x0000000000009403
#  guarantee(cb != NULL && cb->is_nmethod()) failed: safepoint polling: pc must refer to an nmethod
#
# JRE version: OpenJDK Runtime Environment (8.0_312-b07) (build 1.8.0_312-b07)
# Java VM: OpenJDK 64-Bit Server VM (25.312-b07 mixed mode bsd-amd64 compressed oops)
# Failed to write core dump. Core dumps have been disabled. To enable core dumping, try "ulimit -c unlimited" before starting Java again
#
# If you would like to submit a bug report, please visit:
#   https://github.com/adoptium/adoptium-support/issues
#

---------------  T H R E A D  ---------------

Current thread (0x00007fe5f30ef800):  JavaThread "qtp1364335809-18-acceptor-0@79d1455f-ServerConnector@3419866c{HTTP/1.1, (http/1.1)}{0.0.0.0:8080}" [_thread_in_Java, id=37891, stack(0x000000030b4e9000,0x000000030b5e9000)]

Stack: [0x000000030b4e9000,0x000000030b5e9000],  sp=0x000000030b5e56c0,  free space=1009k
Native frames: (J=compiled Java code, j=interpreted, Vv=VM code, C=native code)
V  [libjvm.dylib+0x597cb4]
V  [libjvm.dylib+0x1d2d6a]
V  [libjvm.dylib+0x4ea86b]
V  [libjvm.dylib+0x48ef79]
V  [libjvm.dylib+0x48c8d0]
C  [libsystem_platform.dylib+0x3e2d]  _sigtramp+0x1d
C  0x0000000000000020
J 2535 C1 java.lang.StringCoding.decode(Ljava/lang/String;[BII)[C (120 bytes) @ 0x000000010e6a319c [0x000000010e6a22e0+0xebc]
C  0x00007fe5f30ef800


---------------  P R O C E S S  ---------------

Java Threads: ( => current thread )
  0x00007fe5d3e8b800 JavaThread "Thread-13" [_thread_in_vm, id=83263, stack(0x000000030e06a000,0x000000030e16a000)]
  0x00007fe5f4286000 JavaThread "Thread-12" [_thread_blocked, id=76811, stack(0x000000030df67000,0x000000030e067000)]
  0x00007fe5d3e8a800 JavaThread "JettyShutdownThread" [_thread_blocked, id=55055, stack(0x000000030de64000,0x000000030df64000)]
  0x00007fe5f4285800 JavaThread "SIGTERM handler" daemon [_thread_blocked, id=76063, stack(0x000000030a7c2000,0x000000030a8c2000)]
  0x00007fe5c034c800 JavaThread "JDWP Transport Listener: dt_socket" daemon [_thread_in_native, id=23119, stack(0x000000030a9c8000,0x000000030aac8000)]
  0x00007fe5c3809000 JavaThread "pool-7-thread-1" [_thread_blocked, id=55679, stack(0x000000030dd61000,0x000000030de61000)]
  0x00007fe591a6a800 JavaThread "pool-10-thread-1" [_thread_blocked, id=74515, stack(0x000000030dc5e000,0x000000030dd5e000)]
  0x00007fe591ffd000 JavaThread "R2 Nio Event Loop-3-1" [_thread_in_native, id=55439, stack(0x000000030db5b000,0x000000030dc5b000)]
  0x00007fe5f3c9d000 JavaThread "R2 Netty Scheduler-4-1" [_thread_blocked, id=71687, stack(0x000000030c925000,0x000000030ca25000)]
  0x00007fe591831000 JavaThread "logback-2" daemon [_thread_blocked, id=29447, stack(0x000000030b9f8000,0x000000030baf8000)]
  0x00007fe5f421c000 JavaThread "Connector-Scheduler-3419866c-1" [_thread_blocked, id=73575, stack(0x000000030ca28000,0x000000030cb28000)]
  0x00007fe5c5f0f000 JavaThread "ForkJoinPool.commonPool-worker-4" daemon [_thread_blocked, id=53507, stack(0x000000030da58000,0x000000030db58000)]
  0x00007fe5c5f0e800 JavaThread "ForkJoinPool.commonPool-worker-11" daemon [_thread_blocked, id=77827, stack(0x000000030d955000,0x000000030da55000)]
  0x00007fe5f3228800 JavaThread "ForkJoinPool.commonPool-worker-2" daemon [_thread_blocked, id=78083, stack(0x000000030d852000,0x000000030d952000)]
  0x00007fe5d2bba800 JavaThread "ForkJoinPool.commonPool-worker-9" daemon [_thread_blocked, id=52327, stack(0x000000030d74f000,0x000000030d84f000)]
  0x00007fe5c5f05000 JavaThread "MariaDb-bulk-5" daemon [_thread_blocked, id=51779, stack(0x000000030d64c000,0x000000030d74c000)]
  0x00007fe5c4f16000 JavaThread "MariaDb-bulk-4" daemon [_thread_blocked, id=50975, stack(0x000000030d549000,0x000000030d649000)]
  0x00007fe5f32c2800 JavaThread "MariaDb-bulk-3" daemon [_thread_blocked, id=50691, stack(0x000000030d446000,0x000000030d546000)]
  0x00007fe5c57f9000 JavaThread "MariaDb-bulk-2" daemon [_thread_blocked, id=50047, stack(0x000000030d343000,0x000000030d443000)]
  0x00007fe5c5efe000 JavaThread "MariaDb-bulk-1" daemon [_thread_blocked, id=49859, stack(0x000000030d240000,0x000000030d340000)]
  0x00007fe5d2b99800 JavaThread "kafka-coordinator-heartbeat-thread | generic-mae-consumer-job-client" daemon [_thread_blocked, id=49275, stack(0x000000030d13d000,0x000000030d23d000)]
  0x00007fe5d3d96800 JavaThread "kafka-coordinator-heartbeat-thread | datahub-usage-event-consumer-job-client" daemon [_thread_blocked, id=49411, stack(0x000000030d03a000,0x000000030d13a000)]
  0x00007fe593544000 JavaThread "pool-11-thread-1" [_thread_blocked, id=80919, stack(0x000000030cf37000,0x000000030d037000)]
  0x00007fe5d3d73000 JavaThread "ThreadPoolTaskExecutor-1" [_thread_in_native, id=48135, stack(0x000000030ce34000,0x000000030cf34000)]
  0x00007fe593576800 JavaThread "ThreadPoolTaskScheduler-1" [_thread_blocked, id=81207, stack(0x000000030cd31000,0x000000030ce31000)]
  0x00007fe5c5eec000 JavaThread "ThreadPoolTaskExecutor-1" [_thread_in_native, id=47899, stack(0x000000030cc2e000,0x000000030cd2e000)]
  0x00007fe5d2b8d800 JavaThread "ThreadPoolTaskScheduler-1" [_thread_blocked, id=47727, stack(0x000000030cb2b000,0x000000030cc2b000)]
  0x00007fe5d011b800 JavaThread "elasticsearch[scheduler][T#1]" daemon [_thread_blocked, id=46115, stack(0x000000030c822000,0x000000030c922000)]
  0x00007fe5c6f46800 JavaThread "pool-9-thread-1" [_thread_blocked, id=83583, stack(0x000000030c71f000,0x000000030c81f000)]
  0x00007fe5c6fa6000 JavaThread "pool-4-thread-1" [_thread_blocked, id=84419, stack(0x000000030c61c000,0x000000030c71c000)]
  0x00007fe5c4d4b000 JavaThread "elasticsearch[scheduler][T#1]" daemon [_thread_blocked, id=84927, stack(0x000000030c519000,0x000000030c619000)]
  0x00007fe5947ff800 JavaThread "kafka-producer-network-thread | producer-1" daemon [_thread_in_native, id=85407, stack(0x000000030c416000,0x000000030c516000)]
  0x00007fe5f198f000 JavaThread "gmsEbeanServiceConfig.heartBeat" daemon [_thread_blocked, id=86355, stack(0x000000030c210000,0x000000030c310000)]
  0x00007fe5c2bc9800 JavaThread "mysql-cj-abandoned-connection-cleanup" daemon [_thread_blocked, id=87143, stack(0x000000030c10d000,0x000000030c20d000)]
  0x00007fe5f18d5000 JavaThread "I/O dispatcher 1" [_thread_in_native, id=43595, stack(0x000000030c00a000,0x000000030c10a000)]
  0x00007fe594910000 JavaThread "pool-2-thread-1" [_thread_in_native, id=31575, stack(0x000000030bf07000,0x000000030c007000)]
  0x00007fe5927f6800 JavaThread "Session-HouseKeeper-50378a4-1" [_thread_blocked, id=31355, stack(0x000000030be04000,0x000000030bf04000)]
  0x00007fe5937f4000 JavaThread "logback-1" daemon [_thread_blocked, id=30587, stack(0x000000030bd01000,0x000000030be01000)]
  0x00007fe5f1fff000 JavaThread "qtp1364335809-25" [_thread_blocked, id=33283, stack(0x000000030bbfe000,0x000000030bcfe000)]
  0x00007fe5f346a800 JavaThread "qtp1364335809-24" [_thread_blocked, id=33795, stack(0x000000030bafb000,0x000000030bbfb000)]
  0x00007fe5f395a800 JavaThread "qtp1364335809-22" [_thread_in_native, id=29275, stack(0x000000030b8f5000,0x000000030b9f5000)]
  0x00007fe5f403b000 JavaThread "qtp1364335809-21" [_thread_in_native, id=37123, stack(0x000000030b7f2000,0x000000030b8f2000)]
  0x00007fe5f18de800 JavaThread "qtp1364335809-20" [_thread_blocked, id=37635, stack(0x000000030b6ef000,0x000000030b7ef000)]
  0x00007fe5f18ea800 JavaThread "qtp1364335809-19" [_thread_in_native, id=27139, stack(0x000000030b5ec000,0x000000030b6ec000)]
=>0x00007fe5f30ef800 JavaThread "qtp1364335809-18-acceptor-0@79d1455f-ServerConnector@3419866c{HTTP/1.1, (http/1.1)}{0.0.0.0:8080}" [_thread_in_Java, id=37891, stack(0x000000030b4e9000,0x000000030b5e9000)]
  0x00007fe5c3811000 JavaThread "qtp1364335809-17" [_thread_in_native, id=38659, stack(0x000000030b3e6000,0x000000030b4e6000)]
  0x00007fe5c3011000 JavaThread "qtp1364335809-16" [_thread_blocked, id=39427, stack(0x000000030b2e3000,0x000000030b3e3000)]
  0x00007fe5f209d000 JavaThread "qtp1364335809-15" [_thread_in_native, id=26371, stack(0x000000030b1e0000,0x000000030b2e0000)]
  0x00007fe5f209c000 JavaThread "qtp1364335809-14" [_thread_blocked, id=25959, stack(0x000000030b0dd000,0x000000030b1dd000)]
  0x00007fe5f1838800 JavaThread "Service Thread" daemon [_thread_blocked, id=40967, stack(0x000000030aed7000,0x000000030afd7000)]
  0x00007fe5f2016000 JavaThread "C1 CompilerThread3" daemon [_thread_blocked, id=41475, stack(0x000000030add4000,0x000000030aed4000)]
  0x00007fe5c2808800 JavaThread "C2 CompilerThread2" daemon [_thread_blocked, id=24067, stack(0x000000030acd1000,0x000000030add1000)]
  0x00007fe5d200d800 JavaThread "C2 CompilerThread1" daemon [_thread_blocked, id=41731, stack(0x000000030abce000,0x000000030acce000)]
  0x00007fe5d200c000 JavaThread "C2 CompilerThread0" daemon [_thread_blocked, id=23299, stack(0x000000030aacb000,0x000000030abcb000)]
  0x00007fe5f380c000 JavaThread "JDWP Event Helper Thread" daemon [_thread_blocked, id=42499, stack(0x000000030a8c5000,0x000000030a9c5000)]
  0x00007fe5f305e000 JavaThread "Signal Dispatcher" daemon [_thread_blocked, id=22275, stack(0x000000030a6bf000,0x000000030a7bf000)]
  0x00007fe5f1814000 JavaThread "Finalizer" daemon [_thread_blocked, id=16415, stack(0x000000030a4ac000,0x000000030a5ac000)]
  0x00007fe5f2008800 JavaThread "Reference Handler" daemon [_thread_blocked, id=13091, stack(0x000000030a3a9000,0x000000030a4a9000)]
  0x00007fe5f4008800 JavaThread "main" [_thread_blocked, id=8707, stack(0x0000000309888000,0x0000000309988000)]

Other Threads:
  0x00007fe5f3050800 VMThread [stack: 0x000000030a2a6000,0x000000030a3a6000] [id=17411]
  0x00007fe5f4013000 WatcherThread [stack: 0x000000030afda000,0x000000030b0da000] [id=40723]

VM state:synchronizing (normal execution)

VM Mutex/Monitor currently owned by a thread:  ([mutex/lock_event])
[0x0000600000cf5100] Safepoint_lock - owner thread: 0x00007fe5f3050800
[0x0000600000cf5180] Threads_lock - owner thread: 0x00007fe5f3050800

heap address: 0x00000006c0000000, size: 4096 MB, Compressed Oops mode: Zero based, Oop shift amount: 3
Narrow klass base: 0x0000000000000000, Narrow klass shift: 3
Compressed class space size: 1073741824 Address: 0x00000007c0000000

Heap:
 PSYoungGen      total 1216512K, used 948052K [0x000000076ab00000, 0x00000007bf680000, 0x00000007c0000000)
  eden space 1051648K, 90% used [0x000000076ab00000,0x00000007a48d50a0,0x00000007aae00000)
  from space 164864K, 0% used [0x00000007b4d00000,0x00000007b4d00000,0x00000007bee00000)
  to   space 162816K, 0% used [0x00000007aae00000,0x00000007aae00000,0x00000007b4d00000)
 ParOldGen       total 368640K, used 201279K [0x00000006c0000000, 0x00000006d6800000, 0x000000076ab00000)
  object space 368640K, 54% used [0x00000006c0000000,0x00000006cc48fe60,0x00000006d6800000)
 Metaspace       used 106353K, capacity 111862K, committed 112216K, reserved 1146880K
  class space    used 13178K, capacity 14339K, committed 14464K, reserved 1048576K

Card table byte_map: [0x000000010b632000,0x000000010be33000] byte_map_base: 0x0000000108032000

Marking Bits: (ParMarkBitMap*) 0x000000010c563f08
 Begin Bits: [0x000000011d20a000, 0x000000012120a000)
 End Bits:   [0x000000012120a000, 0x000000012520a000)

Polling page: 0x000000010b06a000

CodeCache: size=245760Kb used=34716Kb max_used=38535Kb free=211043Kb
 bounds [0x000000010dc96000, 0x00000001102a6000, 0x000000011cc96000]
 total_blobs=10125 nmethods=9334 adapters=712
 compilation: enabled

Compilation events (10 events):
Event: 217.323 Thread 0x00007fe5f2016000 12132   !   3       org.apache.kafka.common.protocol.types.ArrayOf::validate (72 bytes)
Event: 217.324 Thread 0x00007fe5f2016000 nmethod 12132 0x000000010f14b550 code [0x000000010f14b700, 0x000000010f14bc98]
Event: 217.324 Thread 0x00007fe5f2016000 12131       3       org.apache.kafka.common.protocol.types.ArrayOf::validate (6 bytes)
Event: 217.324 Thread 0x00007fe5f2016000 nmethod 12131 0x000000010f39fd50 code [0x000000010f39fec0, 0x000000010f3a0068]
Event: 217.830 Thread 0x00007fe5f2016000 12133       1       org.apache.kafka.clients.consumer.internals.ConsumerNetworkClient$RequestFutureCompletionHandler::access$200 (5 bytes)
Event: 217.832 Thread 0x00007fe5f2016000 nmethod 12133 0x000000010f14b290 code [0x000000010f14b3e0, 0x000000010f14b4d0]
Event: 218.338 Thread 0x00007fe5f2016000 12134       1       org.apache.kafka.clients.ClientResponse::versionMismatch (5 bytes)
Event: 218.339 Thread 0x00007fe5f2016000 nmethod 12134 0x0000000110204d90 code [0x0000000110204ee0, 0x0000000110204ff0]
Event: 218.339 Thread 0x00007fe5f2016000 12135       3       org.apache.kafka.clients.consumer.internals.RequestFuture::isDone (19 bytes)
Event: 218.340 Thread 0x00007fe5f2016000 nmethod 12135 0x0000000110204910 code [0x0000000110204a80, 0x0000000110204cf0]

GC Heap History (10 events):
Event: 41.979 GC heap before
{Heap before GC invocations=17 (full 3):
 PSYoungGen      total 1056256K, used 927081K [0x000000076ab00000, 0x00000007bee80000, 0x00000007c0000000)
  eden space 1024512K, 90% used [0x000000076ab00000,0x00000007a345a628,0x00000007a9380000)
  from space 31744K, 0% used [0x00000007a9380000,0x00000007a9380000,0x00000007ab280000)
  to   space 177664K, 0% used [0x00000007b4100000,0x00000007b4100000,0x00000007bee80000)
 ParOldGen       total 330752K, used 185255K [0x00000006c0000000, 0x00000006d4300000, 0x000000076ab00000)
  object space 330752K, 56% used [0x00000006c0000000,0x00000006cb4e9e20,0x00000006d4300000)
 Metaspace       used 57368K, capacity 58936K, committed 58968K, reserved 1101824K
  class space    used 6556K, capacity 7024K, committed 7040K, reserved 1048576K
Event: 42.059 GC heap after
Heap after GC invocations=17 (full 3):
 PSYoungGen      total 1209344K, used 77324K [0x000000076ab00000, 0x00000007c0000000, 0x00000007c0000000)
  eden space 1031680K, 0% used [0x000000076ab00000,0x000000076ab00000,0x00000007a9a80000)
  from space 177664K, 43% used [0x00000007b4100000,0x00000007b8c83018,0x00000007bee80000)
  to   space 170496K, 0% used [0x00000007a9a80000,0x00000007a9a80000,0x00000007b4100000)
 ParOldGen       total 330752K, used 185263K [0x00000006c0000000, 0x00000006d4300000, 0x000000076ab00000)
  object space 330752K, 56% used [0x00000006c0000000,0x00000006cb4ebe20,0x00000006d4300000)
 Metaspace       used 57368K, capacity 58936K, committed 58968K, reserved 1101824K
  class space    used 6556K, capacity 7024K, committed 7040K, reserved 1048576K
}
Event: 42.059 GC heap before
{Heap before GC invocations=18 (full 4):
 PSYoungGen      total 1209344K, used 77324K [0x000000076ab00000, 0x00000007c0000000, 0x00000007c0000000)
  eden space 1031680K, 0% used [0x000000076ab00000,0x000000076ab00000,0x00000007a9a80000)
  from space 177664K, 43% used [0x00000007b4100000,0x00000007b8c83018,0x00000007bee80000)
  to   space 170496K, 0% used [0x00000007a9a80000,0x00000007a9a80000,0x00000007b4100000)
 ParOldGen       total 330752K, used 185263K [0x00000006c0000000, 0x00000006d4300000, 0x000000076ab00000)
  object space 330752K, 56% used [0x00000006c0000000,0x00000006cb4ebe20,0x00000006d4300000)
 Metaspace       used 57368K, capacity 58936K, committed 58968K, reserved 1101824K
  class space    used 6556K, capacity 7024K, committed 7040K, reserved 1048576K
Event: 42.208 GC heap after
Heap after GC invocations=18 (full 4):
 PSYoungGen      total 1209344K, used 0K [0x000000076ab00000, 0x00000007c0000000, 0x00000007c0000000)
  eden space 1031680K, 0% used [0x000000076ab00000,0x000000076ab00000,0x00000007a9a80000)
  from space 177664K, 0% used [0x00000007b4100000,0x00000007b4100000,0x00000007bee80000)
  to   space 170496K, 0% used [0x00000007a9a80000,0x00000007a9a80000,0x00000007b4100000)
 ParOldGen       total 392192K, used 234434K [0x00000006c0000000, 0x00000006d7f00000, 0x000000076ab00000)
  object space 392192K, 59% used [0x00000006c0000000,0x00000006ce4f09a8,0x00000006d7f00000)
 Metaspace       used 57368K, capacity 58936K, committed 58968K, reserved 1101824K
  class space    used 6556K, capacity 7024K, committed 7040K, reserved 1048576K
}
Event: 52.597 GC heap before
{Heap before GC invocations=19 (full 4):
 PSYoungGen      total 1209344K, used 1031680K [0x000000076ab00000, 0x00000007c0000000, 0x00000007c0000000)
  eden space 1031680K, 100% used [0x000000076ab00000,0x00000007a9a80000,0x00000007a9a80000)
  from space 177664K, 0% used [0x00000007b4100000,0x00000007b4100000,0x00000007bee80000)
  to   space 170496K, 0% used [0x00000007a9a80000,0x00000007a9a80000,0x00000007b4100000)
 ParOldGen       total 392192K, used 234444K [0x00000006c0000000, 0x00000006d7f00000, 0x000000076ab00000)
  object space 392192K, 59% used [0x00000006c0000000,0x00000006ce4f32d8,0x00000006d7f00000)
 Metaspace       used 80094K, capacity 82548K, committed 82648K, reserved 1122304K
  class space    used 9606K, capacity 10218K, committed 10240K, reserved 1048576K
Event: 52.872 GC heap after
Heap after GC invocations=19 (full 4):
 PSYoungGen      total 1202176K, used 40065K [0x000000076ab00000, 0x00000007bee00000, 0x00000007c0000000)
  eden space 1031680K, 0% used [0x000000076ab00000,0x000000076ab00000,0x00000007a9a80000)
  from space 170496K, 23% used [0x00000007a9a80000,0x00000007ac1a0760,0x00000007b4100000)
  to   space 164864K, 0% used [0x00000007b4d00000,0x00000007b4d00000,0x00000007bee00000)
 ParOldGen       total 392192K, used 234460K [0x00000006c0000000, 0x00000006d7f00000, 0x000000076ab00000)
  object space 392192K, 59% used [0x00000006c0000000,0x00000006ce4f72d8,0x00000006d7f00000)
 Metaspace       used 80094K, capacity 82548K, committed 82648K, reserved 1122304K
  class space    used 9606K, capacity 10218K, committed 10240K, reserved 1048576K
}
Event: 57.339 GC heap before
{Heap before GC invocations=20 (full 4):
 PSYoungGen      total 1202176K, used 412854K [0x000000076ab00000, 0x00000007bee00000, 0x00000007c0000000)
  eden space 1031680K, 36% used [0x000000076ab00000,0x000000078170d2b0,0x00000007a9a80000)
  from space 170496K, 23% used [0x00000007a9a80000,0x00000007ac1a0760,0x00000007b4100000)
  to   space 164864K, 0% used [0x00000007b4d00000,0x00000007b4d00000,0x00000007bee00000)
 ParOldGen       total 392192K, used 234460K [0x00000006c0000000, 0x00000006d7f00000, 0x000000076ab00000)
  object space 392192K, 59% used [0x00000006c0000000,0x00000006ce4f72d8,0x00000006d7f00000)
 Metaspace       used 93332K, capacity 98040K, committed 98264K, reserved 1134592K
  class space    used 11537K, capacity 12540K, committed 12544K, reserved 1048576K
Event: 57.518 GC heap after
Heap after GC invocations=20 (full 4):
 PSYoungGen      total 1216512K, used 16502K [0x000000076ab00000, 0x00000007bf680000, 0x00000007c0000000)
  eden space 1051648K, 0% used [0x000000076ab00000,0x000000076ab00000,0x00000007aae00000)
  from space 164864K, 10% used [0x00000007b4d00000,0x00000007b5d1dbc0,0x00000007bee00000)
  to   space 162816K, 0% used [0x00000007aae00000,0x00000007aae00000,0x00000007b4d00000)
 ParOldGen       total 392192K, used 256256K [0x00000006c0000000, 0x00000006d7f00000, 0x000000076ab00000)
  object space 392192K, 65% used [0x00000006c0000000,0x00000006cfa40148,0x00000006d7f00000)
 Metaspace       used 93332K, capacity 98040K, committed 98264K, reserved 1134592K
  class space    used 11537K, capacity 12540K, committed 12544K, reserved 1048576K
}
Event: 57.518 GC heap before
{Heap before GC invocations=21 (full 5):
 PSYoungGen      total 1216512K, used 16502K [0x000000076ab00000, 0x00000007bf680000, 0x00000007c0000000)
  eden space 1051648K, 0% used [0x000000076ab00000,0x000000076ab00000,0x00000007aae00000)
  from space 164864K, 10% used [0x00000007b4d00000,0x00000007b5d1dbc0,0x00000007bee00000)
  to   space 162816K, 0% used [0x00000007aae00000,0x00000007aae00000,0x00000007b4d00000)
 ParOldGen       total 392192K, used 256256K [0x00000006c0000000, 0x00000006d7f00000, 0x000000076ab00000)
  object space 392192K, 65% used [0x00000006c0000000,0x00000006cfa40148,0x00000006d7f00000)
 Metaspace       used 93332K, capacity 98040K, committed 98264K, reserved 1134592K
  class space    used 11537K, capacity 12540K, committed 12544K, reserved 1048576K
Event: 57.865 GC heap after
Heap after GC invocations=21 (full 5):
 PSYoungGen      total 1216512K, used 0K [0x000000076ab00000, 0x00000007bf680000, 0x00000007c0000000)
  eden space 1051648K, 0% used [0x000000076ab00000,0x000000076ab00000,0x00000007aae00000)
  from space 164864K, 0% used [0x00000007b4d00000,0x00000007b4d00000,0x00000007bee00000)
  to   space 162816K, 0% used [0x00000007aae00000,0x00000007aae00000,0x00000007b4d00000)
 ParOldGen       total 368640K, used 201279K [0x00000006c0000000, 0x00000006d6800000, 0x000000076ab00000)
  object space 368640K, 54% used [0x00000006c0000000,0x00000006cc48fe60,0x00000006d6800000)
 Metaspace       used 93275K, capacity 97900K, committed 98264K, reserved 1134592K
  class space    used 11516K, capacity 12506K, committed 12544K, reserved 1048576K
}

Deoptimization events (10 events):
Event: 209.915 Thread 0x00007fe5f395a800 Uncommon trap: reason=unstable_if action=reinterpret pc=0x000000010eeb9e70 method=ch.qos.logback.classic.Logger.isDebugEnabled(Lorg/slf4j/Marker;)Z @ 23
Event: 210.671 Thread 0x00007fe5f3c9d000 Uncommon trap: reason=unstable_if action=reinterpret pc=0x000000010e114f48 method=java.lang.reflect.AnnotatedElement.isAnnotationPresent(Ljava/lang/Class;)Z @ 7
Event: 210.671 Thread 0x00007fe5f3c9d000 Uncommon trap: reason=unstable_if action=reinterpret pc=0x000000010e3b5408 method=java.lang.reflect.AnnotatedElement.isAnnotationPresent(Ljava/lang/Class;)Z @ 7
Event: 210.943 Thread 0x00007fe591ffd000 Uncommon trap: reason=unstable_if action=reinterpret pc=0x000000010fc62130 method=java.net.URLStreamHandler.parseURL(Ljava/net/URL;Ljava/lang/String;II)V @ 578
Event: 210.943 Thread 0x00007fe591ffd000 Uncommon trap: reason=unstable_if action=reinterpret pc=0x000000010e35053c method=java.nio.ByteBuffer.hasArray()Z @ 11
Event: 210.994 Thread 0x00007fe591ffd000 Uncommon trap: reason=unstable_if action=reinterpret pc=0x000000010e94f268 method=java.util.ArrayDeque.pollLast()Ljava/lang/Object; @ 23
Event: 211.033 Thread 0x00007fe5c3011000 Uncommon trap: reason=class_check action=maybe_recompile pc=0x000000010fb17c04 method=com.linkedin.data.codec.AbstractJacksonDataCodec$Parser.parsePrimitive(Lcom/fasterxml/jackson/core/JsonToken;)Ljava/lang/Object; @ 63
Event: 211.033 Thread 0x00007fe5c3011000 Uncommon trap: reason=class_check action=maybe_recompile pc=0x000000010fb177dc method=com.linkedin.data.codec.AbstractJacksonDataCodec$Parser.parsePrimitive(Lcom/fasterxml/jackson/core/JsonToken;)Ljava/lang/Object; @ 63
Event: 211.452 Thread 0x00007fe5c3809000 Uncommon trap: reason=class_check action=maybe_recompile pc=0x000000010fb18660 method=com.linkedin.data.codec.AbstractJacksonDataCodec$Parser.parsePrimitive(Lcom/fasterxml/jackson/core/JsonToken;)Ljava/lang/Object; @ 63
Event: 211.452 Thread 0x00007fe5c3809000 Uncommon trap: reason=class_check action=maybe_recompile pc=0x000000010fb177dc method=com.linkedin.data.codec.AbstractJacksonDataCodec$Parser.parsePrimitive(Lcom/fasterxml/jackson/core/JsonToken;)Ljava/lang/Object; @ 63

Classes redefined (0 events):
No events

Internal exceptions (10 events):
Event: 62.479 Thread 0x00007fe591ffa800 Exception <a 'sun/nio/fs/UnixException'> (0x0000000785e37f30) thrown at [/Users/jenkins/workspace/build-scripts/jobs/jdk8u/jdk8u-mac-x64-hotspot/workspace/build/src/hotspot/src/share/vm/prims/jni.cpp, line 711]
Event: 62.479 Thread 0x00007fe591ffa800 Exception <a 'sun/nio/fs/UnixException'> (0x0000000785e38710) thrown at [/Users/jenkins/workspace/build-scripts/jobs/jdk8u/jdk8u-mac-x64-hotspot/workspace/build/src/hotspot/src/share/vm/prims/jni.cpp, line 711]
Event: 62.479 Thread 0x00007fe591ffa800 Exception <a 'sun/nio/fs/UnixException'> (0x0000000785e38f10) thrown at [/Users/jenkins/workspace/build-scripts/jobs/jdk8u/jdk8u-mac-x64-hotspot/workspace/build/src/hotspot/src/share/vm/prims/jni.cpp, line 711]
Event: 62.480 Thread 0x00007fe591ffa800 Exception <a 'sun/nio/fs/UnixException'> (0x0000000785e39758) thrown at [/Users/jenkins/workspace/build-scripts/jobs/jdk8u/jdk8u-mac-x64-hotspot/workspace/build/src/hotspot/src/share/vm/prims/jni.cpp, line 711]
Event: 62.480 Thread 0x00007fe591ffa800 Exception <a 'sun/nio/fs/UnixException'> (0x0000000785e39fd8) thrown at [/Users/jenkins/workspace/build-scripts/jobs/jdk8u/jdk8u-mac-x64-hotspot/workspace/build/src/hotspot/src/share/vm/prims/jni.cpp, line 711]
Event: 62.480 Thread 0x00007fe591ffa800 Exception <a 'sun/nio/fs/UnixException'> (0x0000000785e3a858) thrown at [/Users/jenkins/workspace/build-scripts/jobs/jdk8u/jdk8u-mac-x64-hotspot/workspace/build/src/hotspot/src/share/vm/prims/jni.cpp, line 711]
Event: 62.656 Thread 0x00007fe5c77fd800 Implicit null exception at 0x000000010e30c725 to 0x000000010e30cc1d
Event: 209.678 Thread 0x00007fe5f395a800 Exception <a 'java/lang/reflect/InvocationTargetException'> (0x0000000799d9a3c0) thrown at [/Users/jenkins/workspace/build-scripts/jobs/jdk8u/jdk8u-mac-x64-hotspot/workspace/build/src/hotspot/src/share/vm/runtime/reflection.cpp, line 1092]
Event: 211.293 Thread 0x00007fe5c3011000 Exception <a 'java/lang/NoSuchMethodError': java.lang.Object.lambda$value$25(Ljava/lang/Object;Lcom/linkedin/parseq/promise/Promise;Lcom/linkedin/parseq/promise/Settable;)V> (0x00000007a0bd2b78) thrown at [/Users/jenkins/workspace/build-scripts/jobs/jdk8u
Event: 211.338 Thread 0x00007fe5c3011000 Exception <a 'java/lang/NoSuchMethodError': java.lang.Object.lambda$transform$12(Lcom/linkedin/parseq/function/Function1;Lcom/linkedin/parseq/promise/Promise;Lcom/linkedin/parseq/promise/Settable;)V> (0x00000007a11e5090) thrown at [/Users/jenkins/workspac

Events (10 events):
Event: 218.487 Executing VM operation: RevokeBias
Event: 218.487 Executing VM operation: RevokeBias done
Event: 218.488 Executing VM operation: RevokeBias
Event: 218.489 Executing VM operation: RevokeBias done
Event: 218.491 Thread 0x00007fe594ba5800 DEOPT PACKING pc=0x000000010e51997c sp=0x000000030c412720
Event: 218.491 Thread 0x00007fe594ba5800 DEOPT UNPACKING pc=0x000000010dcdd0c4 sp=0x000000030c4124b8 mode 1
Event: 218.492 Thread 0x00007fe594ba5800 Thread exited: 0x00007fe594ba5800
Event: 218.492 Executing VM operation: RevokeBias
Event: 218.492 Executing VM operation: RevokeBias done
Event: 218.492 Executing VM operation: RevokeBias


Dynamic libraries:
0x00007ff82c6db000 	/System/Library/Frameworks/Cocoa.framework/Versions/A/Cocoa
0x00007ff817fed000 	/System/Library/Frameworks/AppKit.framework/Versions/C/AppKit
0x00007ff81b546000 	/System/Library/Frameworks/CoreData.framework/Versions/A/CoreData
0x00007ff816404000 	/System/Library/Frameworks/Foundation.framework/Versions/C/Foundation
0x00007ff82075a000 	/usr/lib/libSystem.B.dylib
0x00007ff818e7c000 	/System/Library/PrivateFrameworks/UIFoundation.framework/Versions/A/UIFoundation
0x00007ff82668c000 	/System/Library/PrivateFrameworks/RemoteViewServices.framework/Versions/A/RemoteViewServices
0x00007ff81ea31000 	/System/Library/PrivateFrameworks/XCTTargetBootstrap.framework/Versions/A/XCTTargetBootstrap
0x00007ff822626000 	/System/Library/PrivateFrameworks/InternationalSupport.framework/Versions/A/InternationalSupport
0x00007ff8226b0000 	/System/Library/PrivateFrameworks/UserActivity.framework/Versions/A/UserActivity
0x00007ff821a0d000 	/usr/lib/libspindump.dylib
0x00007ff81910a000 	/System/Library/Frameworks/UniformTypeIdentifiers.framework/Versions/A/UniformTypeIdentifiers
0x00007ff81d16e000 	/usr/lib/libapp_launch_measurement.dylib
0x00007ff81bf22000 	/System/Library/PrivateFrameworks/CoreAnalytics.framework/Versions/A/CoreAnalytics
0x00007ff81d171000 	/System/Library/PrivateFrameworks/CoreAutoLayout.framework/Versions/A/CoreAutoLayout
0x00007ff81e391000 	/System/Library/Frameworks/Metal.framework/Versions/A/Metal
0x00007ff81f0a9000 	/usr/lib/liblangid.dylib
0x00007ff81ea35000 	/System/Library/PrivateFrameworks/CoreSVG.framework/Versions/A/CoreSVG
0x00007ff81a4d1000 	/System/Library/PrivateFrameworks/SkyLight.framework/Versions/A/SkyLight
0x00007ff81a864000 	/System/Library/Frameworks/CoreGraphics.framework/Versions/A/CoreGraphics
0x00007ff826cfb000 	/System/Library/Frameworks/Accelerate.framework/Versions/A/Accelerate
0x00007ff821488000 	/System/Library/PrivateFrameworks/IconServices.framework/Versions/A/IconServices
0x00007ff81e376000 	/System/Library/Frameworks/IOSurface.framework/Versions/A/IOSurface
0x00007ff81bf50000 	/usr/lib/libDiagnosticMessagesClient.dylib
0x00007ff820674000 	/usr/lib/libz.1.dylib
0x00007ff82a36a000 	/System/Library/Frameworks/ApplicationServices.framework/Versions/A/ApplicationServices
0x00007ff81ea1d000 	/System/Library/PrivateFrameworks/DFRFoundation.framework/Versions/A/DFRFoundation
0x00007ff8178de000 	/usr/lib/libicucore.A.dylib
0x00007ff82334b000 	/System/Library/Frameworks/AudioToolbox.framework/Versions/A/AudioToolbox
0x00007ff822632000 	/System/Library/PrivateFrameworks/DataDetectorsCore.framework/Versions/A/DataDetectorsCore
0x00007ff91df2b000 	/System/Library/PrivateFrameworks/TextInput.framework/Versions/A/TextInput
0x00007ff81a455000 	/usr/lib/libMobileGestalt.dylib
0x00007ff81e725000 	/System/Library/Frameworks/Carbon.framework/Versions/A/Frameworks/HIToolbox.framework/Versions/A/HIToolbox
0x00007ff81cb9b000 	/System/Library/Frameworks/QuartzCore.framework/Versions/A/QuartzCore
0x00007ff81757e000 	/System/Library/Frameworks/Security.framework/Versions/A/Security
0x00007ff8266c4000 	/System/Library/Frameworks/Carbon.framework/Versions/A/Frameworks/SpeechRecognition.framework/Versions/A/SpeechRecognition
0x00007ff81cece000 	/System/Library/PrivateFrameworks/CoreUI.framework/Versions/A/CoreUI
0x00007ff816e56000 	/System/Library/Frameworks/CoreAudio.framework/Versions/A/CoreAudio
0x00007ff81c03e000 	/System/Library/Frameworks/DiskArbitration.framework/Versions/A/DiskArbitration
0x00007ff821df0000 	/System/Library/PrivateFrameworks/MultitouchSupport.framework/Versions/A/MultitouchSupport
0x00007ff81a454000 	/usr/lib/libenergytrace.dylib
0x00007ff817ed9000 	/System/Library/Frameworks/IOKit.framework/Versions/A/IOKit
0x00007ff826ab0000 	/System/Library/Frameworks/CoreServices.framework/Versions/A/CoreServices
0x00007ff81d108000 	/System/Library/PrivateFrameworks/PerformanceAnalysis.framework/Versions/A/PerformanceAnalysis
0x00007ffa2da0d000 	/System/Library/Frameworks/OpenGL.framework/Versions/A/OpenGL
0x00007ff81fca5000 	/System/Library/PrivateFrameworks/MobileKeyBag.framework/Versions/A/MobileKeyBag
0x00007ff81549c000 	/usr/lib/libobjc.A.dylib
0x00007ff81af93000 	/System/Library/Frameworks/ColorSync.framework/Versions/A/ColorSync
0x00007ff815658000 	/System/Library/Frameworks/CoreFoundation.framework/Versions/A/CoreFoundation
0x00007ff81ecb0000 	/System/Library/Frameworks/CoreImage.framework/Versions/A/CoreImage
0x00007ff816c6c000 	/System/Library/Frameworks/CoreText.framework/Versions/A/CoreText
0x00007ff81ea64000 	/System/Library/Frameworks/ImageIO.framework/Versions/A/ImageIO
0x00007ff820760000 	/System/Library/PrivateFrameworks/SoftLinking.framework/Versions/A/SoftLinking
0x00007ff81d1b9000 	/usr/lib/libxml2.2.dylib
0x00007ff815565000 	/usr/lib/libc++.1.dylib
0x00007ff8209e1000 	/usr/lib/libcompression.dylib
0x00007ff82255c000 	/System/Library/PrivateFrameworks/TextureIO.framework/Versions/A/TextureIO
0x00007ff821101000 	/usr/lib/libate.dylib
0x00007ff820755000 	/usr/lib/system/libcache.dylib
0x00007ff820711000 	/usr/lib/system/libcommonCrypto.dylib
0x00007ff82073a000 	/usr/lib/system/libcompiler_rt.dylib
0x00007ff820730000 	/usr/lib/system/libcopyfile.dylib
0x00007ff815396000 	/usr/lib/system/libcorecrypto.dylib
0x00007ff815455000 	/usr/lib/system/libdispatch.dylib
0x00007ff815617000 	/usr/lib/system/libdyld.dylib
0x00007ff82074c000 	/usr/lib/system/libkeymgr.dylib
0x00007ff8206ef000 	/usr/lib/system/libmacho.dylib
0x00007ff81fd79000 	/usr/lib/system/libquarantine.dylib
0x00007ff82074a000 	/usr/lib/system/libremovefile.dylib
0x00007ff81a4a1000 	/usr/lib/system/libsystem_asl.dylib
0x00007ff815344000 	/usr/lib/system/libsystem_blocks.dylib
0x00007ff8154dc000 	/usr/lib/system/libsystem_c.dylib
0x00007ff820742000 	/usr/lib/system/libsystem_collections.dylib
0x00007ff81f09a000 	/usr/lib/system/libsystem_configuration.dylib
0x00007ff81e359000 	/usr/lib/system/libsystem_containermanager.dylib
0x00007ff820426000 	/usr/lib/system/libsystem_coreservices.dylib
0x00007ff817b67000 	/usr/lib/system/libsystem_darwin.dylib
0x00007ff82074d000 	/usr/lib/system/libsystem_dnssd.dylib
0x00007ff8154d9000 	/usr/lib/system/libsystem_featureflags.dylib
0x00007ff81562d000 	/usr/lib/system/libsystem_info.dylib
0x00007ff820687000 	/usr/lib/system/libsystem_m.dylib
0x00007ff815429000 	/usr/lib/system/libsystem_malloc.dylib
0x00007ff81a43e000 	/usr/lib/system/libsystem_networkextension.dylib
0x00007ff817f8f000 	/usr/lib/system/libsystem_notify.dylib
0x00007ff826985000 	/usr/lib/system/libsystem_product_info_filter.dylib
0x00007ff81f09e000 	/usr/lib/system/libsystem_sandbox.dylib
0x00007ff820747000 	/usr/lib/system/libsystem_secinit.dylib
0x00007ff8155d4000 	/usr/lib/system/libsystem_kernel.dylib
0x00007ff815623000 	/usr/lib/system/libsystem_platform.dylib
0x00007ff81560b000 	/usr/lib/system/libsystem_pthread.dylib
0x00007ff81bd69000 	/usr/lib/system/libsystem_symptoms.dylib
0x00007ff81537d000 	/usr/lib/system/libsystem_trace.dylib
0x00007ff82071d000 	/usr/lib/system/libunwind.dylib
0x00007ff815346000 	/usr/lib/system/libxpc.dylib
0x00007ff8155be000 	/usr/lib/libc++abi.dylib
0x00007ff820728000 	/usr/lib/liboah.dylib
0x00007ff820eba000 	/usr/lib/liblzma.5.dylib
0x00007ff816115000 	/System/Library/Frameworks/SystemConfiguration.framework/Versions/A/SystemConfiguration
0x00007ff82075c000 	/usr/lib/libfakelink.dylib
0x00007ff819fa7000 	/System/Library/Frameworks/CFNetwork.framework/Versions/A/CFNetwork
0x00007ff82089b000 	/usr/lib/libarchive.2.dylib
0x00007ff81f0a5000 	/System/Library/PrivateFrameworks/AppleSystemInfo.framework/Versions/A/AppleSystemInfo
0x00007ff81fda0000 	/usr/lib/libbsm.0.dylib
0x00007ff8195dd000 	/usr/lib/libnetwork.dylib
0x00007ff8206f5000 	/usr/lib/system/libkxld.dylib
0x00007ff81f9ce000 	/System/Library/PrivateFrameworks/IOMobileFramebuffer.framework/Versions/A/IOMobileFramebuffer
0x00007ffb2b602000 	/usr/lib/libCoreEntitlements.dylib
0x00007ff820408000 	/System/Library/PrivateFrameworks/AppleFSCompression.framework/Versions/A/AppleFSCompression
0x00007ff81fd88000 	/usr/lib/libcoretls.dylib
0x00007ff820ed4000 	/usr/lib/libcoretls_cfhelpers.dylib
0x00007ff8209dc000 	/usr/lib/libpam.2.dylib
0x00007ff81b98f000 	/usr/lib/libsqlite3.dylib
0x00007ff820f43000 	/usr/lib/libxar.1.dylib
0x00007ff820418000 	/usr/lib/libbz2.1.0.dylib
0x00007ff820761000 	/usr/lib/libpcap.A.dylib
0x00007ff81bd60000 	/usr/lib/libdns_services.dylib
0x00007ff8209ae000 	/usr/lib/libapple_nghttp2.dylib
0x00007ff820798000 	/usr/lib/libiconv.2.dylib
0x00007ff8206ee000 	/usr/lib/libcharset.1.dylib
0x00007ff81d13c000 	/System/Library/Frameworks/CoreServices.framework/Versions/A/Frameworks/FSEvents.framework/Versions/A/FSEvents
0x00007ff817b71000 	/System/Library/Frameworks/CoreServices.framework/Versions/A/Frameworks/CarbonCore.framework/Versions/A/CarbonCore
0x00007ff81bfa3000 	/System/Library/Frameworks/CoreServices.framework/Versions/A/Frameworks/Metadata.framework/Versions/A/Metadata
0x00007ff82042b000 	/System/Library/Frameworks/CoreServices.framework/Versions/A/Frameworks/OSServices.framework/Versions/A/OSServices
0x00007ff820922000 	/System/Library/Frameworks/CoreServices.framework/Versions/A/Frameworks/SearchKit.framework/Versions/A/SearchKit
0x00007ff81bcf2000 	/System/Library/Frameworks/CoreServices.framework/Versions/A/Frameworks/AE.framework/Versions/A/AE
0x00007ff815b59000 	/System/Library/Frameworks/CoreServices.framework/Versions/A/Frameworks/LaunchServices.framework/Versions/A/LaunchServices
0x00007ff820e6b000 	/System/Library/Frameworks/CoreServices.framework/Versions/A/Frameworks/DictionaryServices.framework/Versions/A/DictionaryServices
0x00007ff81d149000 	/System/Library/Frameworks/CoreServices.framework/Versions/A/Frameworks/SharedFileList.framework/Versions/A/SharedFileList
0x00007ff81fd7c000 	/usr/lib/libCheckFix.dylib
0x00007ff81a4b8000 	/System/Library/PrivateFrameworks/TCC.framework/Versions/A/TCC
0x00007ff81f0ab000 	/System/Library/PrivateFrameworks/CoreNLP.framework/Versions/A/CoreNLP
0x00007ff81bf53000 	/System/Library/PrivateFrameworks/MetadataUtilities.framework/Versions/A/MetadataUtilities
0x00007ff8161c5000 	/usr/lib/libmecabra.dylib
0x00007ff81fdb0000 	/usr/lib/libmecab.dylib
0x00007ff816190000 	/usr/lib/libCRFSuite.dylib
0x00007ff81fe0d000 	/usr/lib/libgermantok.dylib
0x00007ff820989000 	/usr/lib/libThaiTokenizer.dylib
0x00007ff81c045000 	/System/Library/Frameworks/Accelerate.framework/Versions/A/Frameworks/vImage.framework/Versions/A/vImage
0x00007ff826a87000 	/System/Library/Frameworks/Accelerate.framework/Versions/A/Frameworks/vecLib.framework/Versions/A/vecLib
0x00007ff820f84000 	/System/Library/Frameworks/Accelerate.framework/Versions/A/Frameworks/vecLib.framework/Versions/A/libvMisc.dylib
0x00007ff81f7c2000 	/System/Library/Frameworks/Accelerate.framework/Versions/A/Frameworks/vecLib.framework/Versions/A/libvDSP.dylib
0x00007ff815ed1000 	/System/Library/Frameworks/Accelerate.framework/Versions/A/Frameworks/vecLib.framework/Versions/A/libBLAS.dylib
0x00007ff820abe000 	/System/Library/Frameworks/Accelerate.framework/Versions/A/Frameworks/vecLib.framework/Versions/A/libLAPACK.dylib
0x00007ff81fe10000 	/System/Library/Frameworks/Accelerate.framework/Versions/A/Frameworks/vecLib.framework/Versions/A/libLinearAlgebra.dylib
0x00007ff8209c7000 	/System/Library/Frameworks/Accelerate.framework/Versions/A/Frameworks/vecLib.framework/Versions/A/libSparseBLAS.dylib
0x00007ff820ab8000 	/System/Library/Frameworks/Accelerate.framework/Versions/A/Frameworks/vecLib.framework/Versions/A/libQuadrature.dylib
0x00007ff81f195000 	/System/Library/Frameworks/Accelerate.framework/Versions/A/Frameworks/vecLib.framework/Versions/A/libBNNS.dylib
0x00007ff8160a6000 	/System/Library/Frameworks/Accelerate.framework/Versions/A/Frameworks/vecLib.framework/Versions/A/libSparse.dylib
0x00007ff81f18e000 	/System/Library/PrivateFrameworks/LinguisticData.framework/Versions/A/LinguisticData
0x00007ff81605b000 	/System/Library/PrivateFrameworks/Lexicon.framework/Versions/A/Lexicon
0x00007ff820f7d000 	/usr/lib/libChineseTokenizer.dylib
0x00007ff8167bf000 	/System/Library/PrivateFrameworks/LanguageModeling.framework/Versions/A/LanguageModeling
0x00007ff82098b000 	/System/Library/PrivateFrameworks/AppleSauce.framework/Versions/A/AppleSauce
0x00007ff81f9bc000 	/System/Library/PrivateFrameworks/CoreEmoji.framework/Versions/A/CoreEmoji
0x00007ff82088a000 	/usr/lib/libcmph.dylib
0x00007ff81d120000 	/System/Library/Frameworks/OpenDirectory.framework/Versions/A/Frameworks/CFOpenDirectory.framework/Versions/A/CFOpenDirectory
0x00007ff81d114000 	/System/Library/Frameworks/OpenDirectory.framework/Versions/A/OpenDirectory
0x00007ff820ed6000 	/System/Library/PrivateFrameworks/APFS.framework/Versions/A/APFS
0x00007ff81fcdd000 	/System/Library/Frameworks/SecurityFoundation.framework/Versions/A/SecurityFoundation
0x00007ff820f51000 	/usr/lib/libutil.dylib
0x00007ff817e9c000 	/System/Library/PrivateFrameworks/CoreServicesStore.framework/Versions/A/CoreServicesStore
0x00007ff820f55000 	/usr/lib/libxslt.1.dylib
0x00007ff81fd6a000 	/System/Library/PrivateFrameworks/BackgroundTaskManagement.framework/Versions/A/BackgroundTaskManagement
0x00007ff82247e000 	/System/Library/Frameworks/ImageIO.framework/Versions/A/Resources/libRadiance.dylib
0x00007ff822487000 	/System/Library/Frameworks/ImageIO.framework/Versions/A/Resources/libJPEG.dylib
0x00007ff8223d8000 	/System/Library/Frameworks/ImageIO.framework/Versions/A/Resources/libPng.dylib
0x00007ff8223f9000 	/System/Library/Frameworks/ImageIO.framework/Versions/A/Resources/libTIFF.dylib
0x00007ff8224e5000 	/System/Library/Frameworks/ImageIO.framework/Versions/A/Resources/libGIF.dylib
0x00007ff821d0d000 	/System/Library/Frameworks/ImageIO.framework/Versions/A/Resources/libJP2.dylib
0x00007ff82144f000 	/usr/lib/libexpat.1.dylib
0x00007ff821cc2000 	/System/Library/PrivateFrameworks/AppleJPEG.framework/Versions/A/AppleJPEG
0x00007ff81e5ec000 	/System/Library/PrivateFrameworks/FontServices.framework/libFontParser.dylib
0x00007ff81bc9c000 	/System/Library/PrivateFrameworks/RunningBoardServices.framework/Versions/A/RunningBoardServices
0x00007ff82cc55000 	/System/Library/PrivateFrameworks/IOSurfaceAccelerator.framework/Versions/A/IOSurfaceAccelerator
0x00007ff821dec000 	/System/Library/PrivateFrameworks/WatchdogClient.framework/Versions/A/WatchdogClient
0x00007ff8168ae000 	/System/Library/Frameworks/CoreDisplay.framework/Versions/A/CoreDisplay
0x00007ff81e4eb000 	/System/Library/Frameworks/CoreMedia.framework/Versions/A/CoreMedia
0x00007ff81e388000 	/System/Library/PrivateFrameworks/IOAccelerator.framework/Versions/A/IOAccelerator
0x00007ff81d29c000 	/System/Library/Frameworks/CoreVideo.framework/Versions/A/CoreVideo
0x00007ff8209da000 	/System/Library/Frameworks/MetalPerformanceShaders.framework/Versions/A/MetalPerformanceShaders
0x00007ff821e27000 	/System/Library/Frameworks/VideoToolbox.framework/Versions/A/VideoToolbox
0x00007ff81bbe4000 	/System/Library/PrivateFrameworks/BaseBoard.framework/Versions/A/BaseBoard
0x00007ff81b975000 	/System/Library/PrivateFrameworks/ProtocolBuffer.framework/Versions/A/ProtocolBuffer
0x00007ff822477000 	/System/Library/PrivateFrameworks/GPUWrangler.framework/Versions/A/GPUWrangler
0x00007ff82245a000 	/System/Library/PrivateFrameworks/IOPresentment.framework/Versions/A/IOPresentment
0x00007ff822481000 	/System/Library/PrivateFrameworks/DSExternalDisplay.framework/Versions/A/DSExternalDisplay
0x00007ffa2da01000 	/System/Library/Frameworks/OpenGL.framework/Versions/A/Libraries/libCoreFSCache.dylib
0x00007ffb198ec000 	/System/Library/PrivateFrameworks/GPUCompiler.framework/Versions/31001/Libraries/libGPUCompilerUtils.dylib
0x00007ff8224ea000 	/System/Library/PrivateFrameworks/CMCaptureCore.framework/Versions/A/CMCaptureCore
0x00007ff8219fb000 	/System/Library/PrivateFrameworks/AppServerSupport.framework/Versions/A/AppServerSupport
0x00007ff823bd1000 	/System/Library/PrivateFrameworks/perfdata.framework/Versions/A/perfdata
0x00007ff8169da000 	/System/Library/PrivateFrameworks/AudioToolboxCore.framework/Versions/A/AudioToolboxCore
0x00007ff81e4c8000 	/System/Library/PrivateFrameworks/caulk.framework/Versions/A/caulk
0x00007ff8234f5000 	/usr/lib/libAudioStatistics.dylib
0x00007ff91a7bc000 	/System/Library/PrivateFrameworks/SystemPolicy.framework/Versions/A/SystemPolicy
0x00007ff82374a000 	/usr/lib/libSMC.dylib
0x00007ff82c58e000 	/System/Library/Frameworks/CoreMIDI.framework/Versions/A/CoreMIDI
0x00007ff8223a8000 	/usr/lib/libAudioToolboxUtility.dylib
0x00007ff916bce000 	/System/Library/PrivateFrameworks/OSAServicesClient.framework/Versions/A/OSAServicesClient
0x00007ff823bde000 	/usr/lib/libperfcheck.dylib
0x00007ff91b24e000 	/usr/lib/libmis.dylib
0x00007ffa2da5d000 	/System/Library/Frameworks/OpenGL.framework/Versions/A/Libraries/libGLU.dylib
0x00007ffa2da20000 	/System/Library/Frameworks/OpenGL.framework/Versions/A/Libraries/libGFXShared.dylib
0x00007ffa2dc2e000 	/System/Library/Frameworks/OpenGL.framework/Versions/A/Libraries/libGL.dylib
0x00007ffa2da29000 	/System/Library/Frameworks/OpenGL.framework/Versions/A/Libraries/libGLImage.dylib
0x00007ffa2da1d000 	/System/Library/Frameworks/OpenGL.framework/Versions/A/Libraries/libCVMSPluginSupport.dylib
0x00007ffa2da08000 	/System/Library/Frameworks/OpenGL.framework/Versions/A/Libraries/libCoreVMClient.dylib
0x00007ff81f029000 	/System/Library/Frameworks/MetalPerformanceShaders.framework/Versions/A/Frameworks/MPSCore.framework/Versions/A/MPSCore
0x00007ff820373000 	/System/Library/Frameworks/MetalPerformanceShaders.framework/Versions/A/Frameworks/MPSImage.framework/Versions/A/MPSImage
0x00007ff81fe26000 	/System/Library/Frameworks/MetalPerformanceShaders.framework/Versions/A/Frameworks/MPSNeuralNetwork.framework/Versions/A/MPSNeuralNetwork
0x00007ff82029b000 	/System/Library/Frameworks/MetalPerformanceShaders.framework/Versions/A/Frameworks/MPSMatrix.framework/Versions/A/MPSMatrix
0x00007ff820057000 	/System/Library/Frameworks/MetalPerformanceShaders.framework/Versions/A/Frameworks/MPSRayIntersector.framework/Versions/A/MPSRayIntersector
0x00007ff8202d4000 	/System/Library/Frameworks/MetalPerformanceShaders.framework/Versions/A/Frameworks/MPSNDArray.framework/Versions/A/MPSNDArray
0x00007ffa3261f000 	/System/Library/Frameworks/MetalPerformanceShaders.framework/Versions/A/Frameworks/MPSFunctions.framework/Versions/A/MPSFunctions
0x00007ff815db4000 	/System/Library/PrivateFrameworks/MetalTools.framework/Versions/A/MetalTools
0x00007ff81f0a3000 	/System/Library/PrivateFrameworks/AggregateDictionary.framework/Versions/A/AggregateDictionary
0x00007ff821231000 	/usr/lib/libIOReport.dylib
0x00007ffa2f03d000 	/System/Library/Frameworks/OpenCL.framework/Versions/A/OpenCL
0x00007ff821595000 	/System/Library/PrivateFrameworks/FaceCore.framework/Versions/A/FaceCore
0x00007ff821586000 	/System/Library/PrivateFrameworks/GraphVisualizer.framework/Versions/A/GraphVisualizer
0x00007ffb197f7000 	/System/Library/PrivateFrameworks/FontServices.framework/Versions/A/FontServices
0x00007ff8219b2000 	/System/Library/PrivateFrameworks/OTSVG.framework/Versions/A/OTSVG
0x00007ff81ce84000 	/System/Library/Frameworks/ApplicationServices.framework/Versions/A/Frameworks/ATS.framework/Versions/A/Resources/libFontRegistry.dylib
0x00007ff821a03000 	/System/Library/PrivateFrameworks/FontServices.framework/libhvf.dylib
0x00007ffb197f8000 	/System/Library/PrivateFrameworks/FontServices.framework/libXTFontStaticRegistryData.dylib
0x00007ff8213ff000 	/System/Library/PrivateFrameworks/AppleVA.framework/Versions/A/AppleVA
0x00007ff823519000 	/System/Library/Frameworks/ApplicationServices.framework/Versions/A/Frameworks/ATS.framework/Versions/A/ATS
0x00007ff81b08f000 	/System/Library/Frameworks/ApplicationServices.framework/Versions/A/Frameworks/HIServices.framework/Versions/A/HIServices
0x00007ff8224f4000 	/System/Library/Frameworks/ApplicationServices.framework/Versions/A/Frameworks/PrintCore.framework/Versions/A/PrintCore
0x00007ff82389d000 	/System/Library/Frameworks/ApplicationServices.framework/Versions/A/Frameworks/QD.framework/Versions/A/QD
0x00007ff823895000 	/System/Library/Frameworks/ApplicationServices.framework/Versions/A/Frameworks/ColorSyncLegacy.framework/Versions/A/ColorSyncLegacy
0x00007ff823509000 	/System/Library/Frameworks/ApplicationServices.framework/Versions/A/Frameworks/SpeechSynthesis.framework/Versions/A/SpeechSynthesis
0x00007ff8224b5000 	/System/Library/Frameworks/ApplicationServices.framework/Versions/A/Frameworks/ATSUI.framework/Versions/A/ATSUI
0x00007ff82382a000 	/usr/lib/libcups.2.dylib
0x00007ff823bed000 	/System/Library/Frameworks/Kerberos.framework/Versions/A/Kerberos
0x00007ff823bfc000 	/System/Library/Frameworks/GSS.framework/Versions/A/GSS
0x00007ff823585000 	/usr/lib/libresolv.9.dylib
0x00007ff821a12000 	/System/Library/PrivateFrameworks/Heimdal.framework/Versions/A/Heimdal
0x00007ff82a6e5000 	/System/Library/Frameworks/Kerberos.framework/Versions/A/Libraries/libHeimdalProxy.dylib
0x00007ff81bd71000 	/System/Library/Frameworks/Network.framework/Versions/A/Network
0x00007ff821469000 	/usr/lib/libheimdal-asn1.dylib
0x00007ff823c48000 	/System/Library/PrivateFrameworks/CommonAuth.framework/Versions/A/CommonAuth
0x00007ff823486000 	/System/Library/PrivateFrameworks/AudioSession.framework/Versions/A/AudioSession
0x00007ff8214f9000 	/System/Library/PrivateFrameworks/MediaExperience.framework/Versions/A/MediaExperience
0x00007ff82331a000 	/System/Library/PrivateFrameworks/AudioSession.framework/libSessionUtility.dylib
0x00007ff8238a9000 	/System/Library/PrivateFrameworks/AudioResourceArbitration.framework/Versions/A/AudioResourceArbitration
0x00007ff82789a000 	/System/Library/PrivateFrameworks/PowerLog.framework/Versions/A/PowerLog
0x00007ff821472000 	/System/Library/PrivateFrameworks/IconFoundation.framework/Versions/A/IconFoundation
0x00007ff8266b4000 	/System/Library/PrivateFrameworks/SpeechRecognitionCore.framework/Versions/A/SpeechRecognitionCore
0x000000010be52000 	/Library/Java/JavaVirtualMachines/temurin-8.jdk/Contents/Home/jre/lib/server/libjvm.dylib
0x000000010b07c000 	/Library/Java/JavaVirtualMachines/temurin-8.jdk/Contents/Home/jre/lib/libverify.dylib
0x000000010b0e7000 	/Library/Java/JavaVirtualMachines/temurin-8.jdk/Contents/Home/jre/lib/libjava.dylib
0x000000010b1c3000 	/Library/Java/JavaVirtualMachines/temurin-8.jdk/Contents/Home/jre/lib/libjdwp.dylib
0x000000010b0a2000 	/Library/Java/JavaVirtualMachines/temurin-8.jdk/Contents/Home/jre/lib/libnpt.dylib
0x000000010b0c3000 	/Library/Java/JavaVirtualMachines/temurin-8.jdk/Contents/Home/jre/lib/libzip.dylib
0x0000000128137000 	/Library/Java/JavaVirtualMachines/temurin-8.jdk/Contents/Home/jre/lib/libdt_socket.dylib
0x000000012827b000 	/Library/Java/JavaVirtualMachines/temurin-8.jdk/Contents/Home/jre/lib/libnio.dylib
0x00000001282d1000 	/Library/Java/JavaVirtualMachines/temurin-8.jdk/Contents/Home/jre/lib/libnet.dylib
0x0000000128463000 	/Library/Java/JavaVirtualMachines/temurin-8.jdk/Contents/Home/jre/lib/libmanagement.dylib
0x000000012bbf8000 	/Library/Java/JavaVirtualMachines/temurin-8.jdk/Contents/Home/jre/lib/libsunec.dylib

VM Arguments:
jvm_args: -Dfile.encoding=UTF-8 -Duser.country=US -Duser.language=en -Duser.variant -agentlib:jdwp=transport=dt_socket,server=y,suspend=y,address=5005 
java_command: org.eclipse.jetty.runner.Runner /Users/ryanholstien/workspaces/datahub-fork/metadata-service/war/build/libs/war.war
java_class_path (initial): /Users/ryanholstien/.gradle/caches/modules-2/files-2.1/org.eclipse.jetty/jetty-runner/9.4.46.v20220331/d8381f003498f5a59f2713d191da13c3d8d2b4ba/jetty-runner-9.4.46.v20220331.jar:/Users/ryanholstien/.gradle/caches/modules-2/files-2.1/org.eclipse.jetty/apache-jsp/9.4.46.v20220331/de1fdf0b3fdee58667336e62a9ff364abe88f9d5/apache-jsp-9.4.46.v20220331.jar:/Users/ryanholstien/.gradle/caches/modules-2/files-2.1/org.eclipse.jetty/jetty-annotations/9.4.46.v20220331/f1650fe2ed8f6120fd4ed1aed8155d6ae938a04b/jetty-annotations-9.4.46.v20220331.jar:/Users/ryanholstien/.gradle/caches/modules-2/files-2.1/org.eclipse.jetty/jetty-plus/9.4.46.v20220331/12d1bcf327bf43504d50134e0c7ed83c2c0aef46/jetty-plus-9.4.46.v20220331.jar:/Users/ryanholstien/.gradle/caches/modules-2/files-2.1/org.eclipse.jetty/jetty-jaas/9.4.46.v20220331/e0c9f68e361511deb4ec9c33f675093297e1e4d2/jetty-jaas-9.4.46.v20220331.jar:/Users/ryanholstien/.gradle/caches/modules-2/files-2.1/org.eclipse.jetty.websocket/websocket-server/9.4.46.v20220331/9f25d23226ed5f7e36277b555360f521e660a3ec/websocket-server-9.4.46.v20220331.jar:/Users/ryanholstien/.gradle/caches/modules-2/files-2.1/org.eclipse.jetty/jetty-jndi/9.4.46.v20220331/b99ca0bf53f14621f3de213958957361a3b25ec6/jetty-jndi-9.4.46.v20220331.jar:/Users/ryanholstien/.gradle/caches/modules-2/files-2.1/org.eclipse.jetty/apache-jstl/9.4.46.v20220331/2fd6e2cf8611e4845593975bd57053dfbd3a6a57/apache-jstl-9.4.46.v20220331.jar:/Users/ryanholstien/.gradle/caches/modules-2/files-2.1/org.eclipse.jetty/jetty-webapp/9.4.46.v20220331/4d5351a1d9a1cc5a0170eff903825ab988e997be/jetty-webapp-9.4.46.v20220331.jar:/Users/ryanholstien/.gradle/caches/modules-2/files-2.1/javax.annotation/javax.annotation-api/1.3.2/934c04d3cfef185a8008e7bf34331b79730a9d43/javax.annotation-api-1.3.2.jar:/Users/ryanholstien/.gradle/caches/modules-2/files-2.1/org.ow2.asm/asm-commons/9.2/f4d7f0fc9054386f2893b602454d48e07d4fbead/asm-commons-9.2.jar:/Users/ryanholstien/.gradle/caches/modules-2
Launcher Type: SUN_STANDARD

Environment Variables:
JAVA_HOME=/Users/ryanholstien/.jenv/versions/1.8
PATH=/Users/ryanholstien/.jenv/versions/1.8/bin:/opt/homebrew/Cellar/jenv/0.5.4/libexec/libexec:/Users/ryanholstien/.pyenv/shims:/Users/ryanholstien/.jenv/shims:/Users/ryanholstien/google-cloud-sdk/bin:/opt/homebrew/bin:/opt/homebrew/sbin:/usr/local/bin:/usr/bin:/bin:/usr/sbin:/sbin
SHELL=/bin/zsh

Signal Handlers:
SIGSEGV: [libjvm.dylib+0x598775], sa_mask[0]=11111111111111111111111111111111, sa_flags=SA_ONSTACK|SA_RESTART|SA_SIGINFO
SIGBUS: [libjvm.dylib+0x598775], sa_mask[0]=11111111111111111111111111111111, sa_flags=SA_RESTART|SA_SIGINFO
SIGFPE: [libjvm.dylib+0x48c8a3], sa_mask[0]=11111111111111111111111111111111, sa_flags=SA_RESTART|SA_SIGINFO
SIGPIPE: [libjvm.dylib+0x48c8a3], sa_mask[0]=11111111111111111111111111111111, sa_flags=SA_RESTART|SA_SIGINFO
SIGXFSZ: [libjvm.dylib+0x48c8a3], sa_mask[0]=11111111111111111111111111111111, sa_flags=SA_RESTART|SA_SIGINFO
SIGILL: [libjvm.dylib+0x48c8a3], sa_mask[0]=11111111111111111111111111111111, sa_flags=SA_RESTART|SA_SIGINFO
SIGUSR1: SIG_DFL, sa_mask[0]=00000000000000000000000000000000, sa_flags=SA_RESTART
SIGUSR2: [libjvm.dylib+0x48d19a], sa_mask[0]=00100000000000000000000000000000, sa_flags=SA_RESTART|SA_SIGINFO
SIGHUP: [libjvm.dylib+0x48b399], sa_mask[0]=11111111111111111111111111111111, sa_flags=SA_RESTART|SA_SIGINFO
SIGINT: [libjvm.dylib+0x48b399], sa_mask[0]=11111111111111111111111111111111, sa_flags=SA_RESTART|SA_SIGINFO
SIGTERM: [libjvm.dylib+0x48b399], sa_mask[0]=11111111111111111111111111111111, sa_flags=SA_RESTART|SA_SIGINFO
SIGQUIT: [libjvm.dylib+0x48b399], sa_mask[0]=11111111111111111111111111111111, sa_flags=SA_RESTART|SA_SIGINFO


---------------  S Y S T E M  ---------------

OS:Bsduname:Darwin 21.2.0 Darwin Kernel Version 21.2.0: Sun Nov 28 20:28:41 PST 2021; root:xnu-8019.61.5~1/RELEASE_ARM64_T6000 x86_64
rlimit: STACK 8176k, CORE 0k, NPROC 2666, NOFILE 10240, AS infinity
load average:9.34 9.87 10.21

CPU:total 10 (initial active 10) (1 cores per cpu, 1 threads per core) family 6 model 44 stepping 0, cmov, cx8, fxsr, mmx, sse, sse2, sse3, ssse3, sse4.1, sse4.2, popcnt, aes, clmul, tsc, tscinvbit, tscinv

Memory: 4k page, physical 16777216k(62244k free)

/proc/meminfo:


vm_info: OpenJDK 64-Bit Server VM (25.312-b07) for bsd-amd64 JRE (1.8.0_312-b07), built on Oct 19 2021 21:57:13 by "jenkins" with gcc 4.2.1 Compatible Apple LLVM 10.0.1 (clang-1001.0.46.4)

time: Wed Aug 17 15:11:31 2022
timezone: CDT
elapsed time: 218.513103 seconds (0d 0h 3m 38s)

